{"name":"enterConsignmentIDOutbound","status":"broken","statusDetails":{"known":false,"muted":false,"flaky":false,"message":"Expected condition failed: waiting for element to be clickable: [[ChromeDriver: chrome on WINDOWS (c0bbf80e36181f7b435940fcf56f02cb)] -> xpath: //button[@id='FinaliseConsignment']] (tried for 60 second(s) with 500 milliseconds interval)\nBuild info: version: '3.141.59', revision: 'e82be7d358', time: '2018-11-14T08:17:03'\nSystem info: host: 'WJLP-1270', ip: '192.168.0.7', os.name: 'Windows 10', os.arch: 'amd64', os.version: '10.0', java.version: '11.0.10'\nDriver info: org.openqa.selenium.support.events.EventFiringWebDriver\nCapabilities {acceptInsecureCerts: false, browserName: chrome, browserVersion: 102.0.5005.115, chrome: {chromedriverVersion: 102.0.5005.61 (0e59bcc00cc4..., userDataDir: C:\\Users\\nasreenk\\AppData\\L...}, goog:chromeOptions: {debuggerAddress: localhost:57331}, javascriptEnabled: true, networkConnectionEnabled: false, pageLoadStrategy: none, platform: WINDOWS, platformName: WINDOWS, proxy: Proxy(), setWindowRect: true, strictFileInteractability: false, timeouts: {implicit: 0, pageLoad: 300000, script: 30000}, unhandledPromptBehavior: dismiss and notify, webauthn:extension:credBlob: true, webauthn:extension:largeBlob: true, webauthn:virtualAuthenticators: true}\nSession ID: c0bbf80e36181f7b435940fcf56f02cb","trace":"org.openqa.selenium.TimeoutException: Expected condition failed: waiting for element to be clickable: [[ChromeDriver: chrome on WINDOWS (c0bbf80e36181f7b435940fcf56f02cb)] -> xpath: //button[@id='FinaliseConsignment']] (tried for 60 second(s) with 500 milliseconds interval)\nBuild info: version: '3.141.59', revision: 'e82be7d358', time: '2018-11-14T08:17:03'\nSystem info: host: 'WJLP-1270', ip: '192.168.0.7', os.name: 'Windows 10', os.arch: 'amd64', os.version: '10.0', java.version: '11.0.10'\nDriver info: org.openqa.selenium.support.events.EventFiringWebDriver\nCapabilities {acceptInsecureCerts: false, browserName: chrome, browserVersion: 102.0.5005.115, chrome: {chromedriverVersion: 102.0.5005.61 (0e59bcc00cc4..., userDataDir: C:\\Users\\nasreenk\\AppData\\L...}, goog:chromeOptions: {debuggerAddress: localhost:57331}, javascriptEnabled: true, networkConnectionEnabled: false, pageLoadStrategy: none, platform: WINDOWS, platformName: WINDOWS, proxy: Proxy(), setWindowRect: true, strictFileInteractability: false, timeouts: {implicit: 0, pageLoad: 300000, script: 30000}, unhandledPromptBehavior: dismiss and notify, webauthn:extension:credBlob: true, webauthn:extension:largeBlob: true, webauthn:virtualAuthenticators: true}\nSession ID: c0bbf80e36181f7b435940fcf56f02cb\r\n\tat org.openqa.selenium.support.ui.WebDriverWait.timeoutException(WebDriverWait.java:95)\r\n\tat org.openqa.selenium.support.ui.FluentWait.until(FluentWait.java:272)\r\n\tat pages.PageConsinment.clickOnDoneButton(PageConsinment.java:1000)\r\n\tat pages.TestPageWeiDimPROD.enterConsignmentIDOutbound(TestPageWeiDimPROD.java:74)\r\n\tat java.base/jdk.internal.reflect.NativeMethodAccessorImpl.invoke0(Native Method)\r\n\tat java.base/jdk.internal.reflect.NativeMethodAccessorImpl.invoke(NativeMethodAccessorImpl.java:62)\r\n\tat java.base/jdk.internal.reflect.DelegatingMethodAccessorImpl.invoke(DelegatingMethodAccessorImpl.java:43)\r\n\tat java.base/java.lang.reflect.Method.invoke(Method.java:566)\r\n\tat org.testng.internal.MethodInvocationHelper.invokeMethod(MethodInvocationHelper.java:134)\r\n\tat org.testng.internal.TestInvoker.invokeMethod(TestInvoker.java:597)\r\n\tat org.testng.internal.TestInvoker.invokeTestMethod(TestInvoker.java:173)\r\n\tat org.testng.internal.MethodRunner.runInSequence(MethodRunner.java:46)\r\n\tat org.testng.internal.TestInvoker$MethodInvocationAgent.invoke(TestInvoker.java:816)\r\n\tat org.testng.internal.TestInvoker.invokeTestMethods(TestInvoker.java:146)\r\n\tat org.testng.internal.TestMethodWorker.invokeTestMethods(TestMethodWorker.java:146)\r\n\tat org.testng.internal.TestMethodWorker.run(TestMethodWorker.java:128)\r\n\tat java.base/java.util.ArrayList.forEach(ArrayList.java:1541)\r\n\tat org.testng.TestRunner.privateRun(TestRunner.java:766)\r\n\tat org.testng.TestRunner.run(TestRunner.java:587)\r\n\tat org.testng.SuiteRunner.runTest(SuiteRunner.java:384)\r\n\tat org.testng.SuiteRunner.runSequentially(SuiteRunner.java:378)\r\n\tat org.testng.SuiteRunner.privateRun(SuiteRunner.java:337)\r\n\tat org.testng.SuiteRunner.run(SuiteRunner.java:286)\r\n\tat org.testng.SuiteRunnerWorker.runSuite(SuiteRunnerWorker.java:53)\r\n\tat org.testng.SuiteRunnerWorker.run(SuiteRunnerWorker.java:96)\r\n\tat org.testng.TestNG.runSuitesSequentially(TestNG.java:1187)\r\n\tat org.testng.TestNG.runSuitesSequentially(TestNG.java:1182)\r\n\tat org.testng.TestNG.runSuitesLocally(TestNG.java:1109)\r\n\tat org.testng.TestNG.runSuites(TestNG.java:1039)\r\n\tat org.testng.TestNG.run(TestNG.java:1007)\r\n\tat org.apache.maven.surefire.testng.TestNGExecutor.run(TestNGExecutor.java:283)\r\n\tat org.apache.maven.surefire.testng.TestNGXmlTestSuite.execute(TestNGXmlTestSuite.java:75)\r\n\tat org.apache.maven.surefire.testng.TestNGProvider.invoke(TestNGProvider.java:120)\r\n\tat org.apache.maven.surefire.booter.ForkedBooter.runSuitesInProcess(ForkedBooter.java:377)\r\n\tat org.apache.maven.surefire.booter.ForkedBooter.execute(ForkedBooter.java:138)\r\n\tat org.apache.maven.surefire.booter.ForkedBooter.run(ForkedBooter.java:465)\r\n\tat org.apache.maven.surefire.booter.ForkedBooter.main(ForkedBooter.java:451)\r\n"},"stage":"finished","steps":[{"name":"Click on Weigh and Dimension tab","status":"passed","stage":"finished","steps":[],"attachments":[],"parameters":[],"start":1656400641116,"stop":1656400641363},{"name":" Click on Settings icon and select printer ","status":"passed","stage":"finished","steps":[],"attachments":[],"parameters":[],"start":1656400651371,"stop":1656400652410},{"name":"Click on PrinterSetup button","status":"passed","stage":"finished","steps":[],"attachments":[],"parameters":[],"start":1656400657414,"stop":1656400657622},{"name":"Enter txt in Company name","status":"passed","stage":"finished","steps":[],"attachments":[],"parameters":[{"name":"txt","value":"RAM Solutions"}],"start":1656400657622,"stop":1656400658738},{"name":"Enter Hub/Office Name and select from list","status":"passed","stage":"finished","steps":[],"attachments":[],"parameters":[{"name":"txt","value":"ISA"}],"start":1656400663754,"stop":1656400674213},{"name":"Enter Department Name and select from list","status":"passed","stage":"finished","steps":[],"attachments":[],"parameters":[{"name":"txt","value":"IT"}],"start":1656400679223,"stop":1656400699640},{"name":"Enter txt in printer ID in printer search field ","status":"passed","stage":"finished","steps":[],"attachments":[],"parameters":[{"name":"txt","value":"48"}],"start":1656400704646,"stop":1656400713350},{"name":"Enter txt consignment : \"34343434333\"","status":"passed","stage":"finished","steps":[],"attachments":[],"parameters":[{"name":"txt","value":"34343434333"},{"name":"keys","value":""}],"start":1656400718365,"stop":1656400719020},{"name":"Enter txt consignment : \"UAT12221212\"","status":"passed","stage":"finished","steps":[],"attachments":[],"parameters":[{"name":"txt","value":"UAT12221212"},{"name":"keys","value":""}],"start":1656400724032,"stop":1656400724550},{"name":"Enter txt consignment : \"PROD00021011\"","status":"passed","stage":"finished","steps":[],"attachments":[],"parameters":[{"name":"txt","value":"PROD00021011"},{"name":"keys","value":""}],"start":1656400729564,"stop":1656400730036},{"name":"Click on Done button ","status":"broken","statusDetails":{"known":false,"muted":false,"flaky":false,"message":"Expected condition failed: waiting for element to be clickable: [[ChromeDriver: chrome on WINDOWS (c0bbf80e36181f7b435940fcf56f02cb)] -> xpath: //button[@id='FinaliseConsignment']] (tried for 60 second(s) with 500 milliseconds interval)\nBuild info: version: '3.141.59', revision: 'e82be7d358', time: '2018-11-14T08:17:03'\nSystem info: host: 'WJLP-1270', ip: '192.168.0.7', os.name: 'Windows 10', os.arch: 'amd64', os.version: '10.0', java.version: '11.0.10'\nDriver info: org.openqa.selenium.support.events.EventFiringWebDriver\nCapabilities {acceptInsecureCerts: false, browserName: chrome, browserVersion: 102.0.5005.115, chrome: {chromedriverVersion: 102.0.5005.61 (0e59bcc00cc4..., userDataDir: C:\\Users\\nasreenk\\AppData\\L...}, goog:chromeOptions: {debuggerAddress: localhost:57331}, javascriptEnabled: true, networkConnectionEnabled: false, pageLoadStrategy: none, platform: WINDOWS, platformName: WINDOWS, proxy: Proxy(), setWindowRect: true, strictFileInteractability: false, timeouts: {implicit: 0, pageLoad: 300000, script: 30000}, unhandledPromptBehavior: dismiss and notify, webauthn:extension:credBlob: true, webauthn:extension:largeBlob: true, webauthn:virtualAuthenticators: true}\nSession ID: c0bbf80e36181f7b435940fcf56f02cb","trace":"org.openqa.selenium.TimeoutException: Expected condition failed: waiting for element to be clickable: [[ChromeDriver: chrome on WINDOWS (c0bbf80e36181f7b435940fcf56f02cb)] -> xpath: //button[@id='FinaliseConsignment']] (tried for 60 second(s) with 500 milliseconds interval)\nBuild info: version: '3.141.59', revision: 'e82be7d358', time: '2018-11-14T08:17:03'\nSystem info: host: 'WJLP-1270', ip: '192.168.0.7', os.name: 'Windows 10', os.arch: 'amd64', os.version: '10.0', java.version: '11.0.10'\nDriver info: org.openqa.selenium.support.events.EventFiringWebDriver\nCapabilities {acceptInsecureCerts: false, browserName: chrome, browserVersion: 102.0.5005.115, chrome: {chromedriverVersion: 102.0.5005.61 (0e59bcc00cc4..., userDataDir: C:\\Users\\nasreenk\\AppData\\L...}, goog:chromeOptions: {debuggerAddress: localhost:57331}, javascriptEnabled: true, networkConnectionEnabled: false, pageLoadStrategy: none, platform: WINDOWS, platformName: WINDOWS, proxy: Proxy(), setWindowRect: true, strictFileInteractability: false, timeouts: {implicit: 0, pageLoad: 300000, script: 30000}, unhandledPromptBehavior: dismiss and notify, webauthn:extension:credBlob: true, webauthn:extension:largeBlob: true, webauthn:virtualAuthenticators: true}\nSession ID: c0bbf80e36181f7b435940fcf56f02cb\r\n\tat org.openqa.selenium.support.ui.WebDriverWait.timeoutException(WebDriverWait.java:95)\r\n\tat org.openqa.selenium.support.ui.FluentWait.until(FluentWait.java:272)\r\n\tat pages.PageConsinment.clickOnDoneButton(PageConsinment.java:1000)\r\n\tat pages.TestPageWeiDimPROD.enterConsignmentIDOutbound(TestPageWeiDimPROD.java:74)\r\n\tat java.base/jdk.internal.reflect.NativeMethodAccessorImpl.invoke0(Native Method)\r\n\tat java.base/jdk.internal.reflect.NativeMethodAccessorImpl.invoke(NativeMethodAccessorImpl.java:62)\r\n\tat java.base/jdk.internal.reflect.DelegatingMethodAccessorImpl.invoke(DelegatingMethodAccessorImpl.java:43)\r\n\tat java.base/java.lang.reflect.Method.invoke(Method.java:566)\r\n\tat org.testng.internal.MethodInvocationHelper.invokeMethod(MethodInvocationHelper.java:134)\r\n\tat org.testng.internal.TestInvoker.invokeMethod(TestInvoker.java:597)\r\n\tat org.testng.internal.TestInvoker.invokeTestMethod(TestInvoker.java:173)\r\n\tat org.testng.internal.MethodRunner.runInSequence(MethodRunner.java:46)\r\n\tat org.testng.internal.TestInvoker$MethodInvocationAgent.invoke(TestInvoker.java:816)\r\n\tat org.testng.internal.TestInvoker.invokeTestMethods(TestInvoker.java:146)\r\n\tat org.testng.internal.TestMethodWorker.invokeTestMethods(TestMethodWorker.java:146)\r\n\tat org.testng.internal.TestMethodWorker.run(TestMethodWorker.java:128)\r\n\tat java.base/java.util.ArrayList.forEach(ArrayList.java:1541)\r\n\tat org.testng.TestRunner.privateRun(TestRunner.java:766)\r\n\tat org.testng.TestRunner.run(TestRunner.java:587)\r\n\tat org.testng.SuiteRunner.runTest(SuiteRunner.java:384)\r\n\tat org.testng.SuiteRunner.runSequentially(SuiteRunner.java:378)\r\n\tat org.testng.SuiteRunner.privateRun(SuiteRunner.java:337)\r\n\tat org.testng.SuiteRunner.run(SuiteRunner.java:286)\r\n\tat org.testng.SuiteRunnerWorker.runSuite(SuiteRunnerWorker.java:53)\r\n\tat org.testng.SuiteRunnerWorker.run(SuiteRunnerWorker.java:96)\r\n\tat org.testng.TestNG.runSuitesSequentially(TestNG.java:1187)\r\n\tat org.testng.TestNG.runSuitesSequentially(TestNG.java:1182)\r\n\tat org.testng.TestNG.runSuitesLocally(TestNG.java:1109)\r\n\tat org.testng.TestNG.runSuites(TestNG.java:1039)\r\n\tat org.testng.TestNG.run(TestNG.java:1007)\r\n\tat org.apache.maven.surefire.testng.TestNGExecutor.run(TestNGExecutor.java:283)\r\n\tat org.apache.maven.surefire.testng.TestNGXmlTestSuite.execute(TestNGXmlTestSuite.java:75)\r\n\tat org.apache.maven.surefire.testng.TestNGProvider.invoke(TestNGProvider.java:120)\r\n\tat org.apache.maven.surefire.booter.ForkedBooter.runSuitesInProcess(ForkedBooter.java:377)\r\n\tat org.apache.maven.surefire.booter.ForkedBooter.execute(ForkedBooter.java:138)\r\n\tat org.apache.maven.surefire.booter.ForkedBooter.run(ForkedBooter.java:465)\r\n\tat org.apache.maven.surefire.booter.ForkedBooter.main(ForkedBooter.java:451)\r\n"},"stage":"finished","steps":[],"attachments":[],"parameters":[],"start":1656400747045,"stop":1656400807376}],"attachments":[{"name":"enterConsignmentIDOutbound failed and screenshot taken!","source":"ba832a23-2e0d-4dcf-a70c-2cbf56225b34-attachment","type":"text/plain"}],"parameters":[{"name":"arg0","value":"{ConsignmentID=PROD00021011, InvalidShipperReference=1ESDR, Length=60, HeightRMS=52, BilledTo=ITAU01, ValidShipperReference=A1w11, LengthRMS=40, NumberOfParcel=3, Weight=5.0255, SenderName=NotExistSender, Height=30, BreadthRMS=45, Breadth=50, ValidSenderName=Distributor, ValueForCarrige=400, SecurityPack=, Breadth2=50, Length2=30, Height2=60, Weight2=8.078, InvalidSenderName=InvalidSenderName, EditParcelRef01=NA123, KilogramsRMS=5.2, NumberOfParcelDim=3, ReceiverName2=RAM}"}],"start":1656400621069,"stop":1656400807391,"uuid":"9b67dc7c-2385-40c0-adc9-be6a72f3e865","historyId":"5fd67811ea0217c5062a59c9938e488c","fullName":"pages.TestPageWeiDimPROD.enterConsignmentIDOutbound","labels":[{"name":"package","value":"pages.TestPageWeiDimPROD"},{"name":"testClass","value":"pages.TestPageWeiDimPROD"},{"name":"testMethod","value":"enterConsignmentIDOutbound"},{"name":"parentSuite","value":"Valid Login Scenario"},{"name":"suite","value":"Test Weigh and Dimension page"},{"name":"subSuite","value":"pages.TestPageWeiDimPROD"},{"name":"host","value":"WJLP-1270"},{"name":"thread","value":"64712@WJLP-1270.main(1)"},{"name":"framework","value":"testng"},{"name":"language","value":"java"}],"links":[]}