{"name":"consignmentInboundEmailAndSave","status":"broken","statusDetails":{"known":false,"muted":false,"flaky":false,"message":"element click intercepted: Element <div class=\"v-stepper__step v-stepper__step--inactive\" id=\"stepReceiver\">...</div> is not clickable at point (768, 334). Other element would receive the click: <div class=\"layout row wrap\">...</div>\n  (Session info: chrome=112.0.5615.138)\nBuild info: version: '3.141.59', revision: 'e82be7d358', time: '2018-11-14T08:17:03'\nSystem info: host: 'WJLP-3098', ip: '192.168.0.103', os.name: 'Windows 10', os.arch: 'amd64', os.version: '10.0', java.version: '11.0.15.1'\nDriver info: org.openqa.selenium.chrome.ChromeDriver\nCapabilities {acceptInsecureCerts: false, browserName: chrome, browserVersion: 112.0.5615.138, chrome: {chromedriverVersion: 112.0.5615.28 (e01c41304994..., userDataDir: C:\\Users\\Nasreenk\\AppData\\L...}, goog:chromeOptions: {debuggerAddress: localhost:64164}, javascriptEnabled: true, networkConnectionEnabled: false, pageLoadStrategy: none, platform: WINDOWS, platformName: WINDOWS, proxy: Proxy(), setWindowRect: true, strictFileInteractability: false, timeouts: {implicit: 0, pageLoad: 300000, script: 30000}, unhandledPromptBehavior: dismiss and notify, webauthn:extension:credBlob: true, webauthn:extension:largeBlob: true, webauthn:extension:minPinLength: true, webauthn:extension:prf: true, webauthn:virtualAuthenticators: true}\nSession ID: 571c43bd2ed0f1a33cbcb0281a66536d","trace":"org.openqa.selenium.ElementClickInterceptedException: element click intercepted: Element <div class=\"v-stepper__step v-stepper__step--inactive\" id=\"stepReceiver\">...</div> is not clickable at point (768, 334). Other element would receive the click: <div class=\"layout row wrap\">...</div>\n  (Session info: chrome=112.0.5615.138)\nBuild info: version: '3.141.59', revision: 'e82be7d358', time: '2018-11-14T08:17:03'\nSystem info: host: 'WJLP-3098', ip: '192.168.0.103', os.name: 'Windows 10', os.arch: 'amd64', os.version: '10.0', java.version: '11.0.15.1'\nDriver info: org.openqa.selenium.chrome.ChromeDriver\nCapabilities {acceptInsecureCerts: false, browserName: chrome, browserVersion: 112.0.5615.138, chrome: {chromedriverVersion: 112.0.5615.28 (e01c41304994..., userDataDir: C:\\Users\\Nasreenk\\AppData\\L...}, goog:chromeOptions: {debuggerAddress: localhost:64164}, javascriptEnabled: true, networkConnectionEnabled: false, pageLoadStrategy: none, platform: WINDOWS, platformName: WINDOWS, proxy: Proxy(), setWindowRect: true, strictFileInteractability: false, timeouts: {implicit: 0, pageLoad: 300000, script: 30000}, unhandledPromptBehavior: dismiss and notify, webauthn:extension:credBlob: true, webauthn:extension:largeBlob: true, webauthn:extension:minPinLength: true, webauthn:extension:prf: true, webauthn:virtualAuthenticators: true}\nSession ID: 571c43bd2ed0f1a33cbcb0281a66536d\r\n\tat java.base/jdk.internal.reflect.NativeConstructorAccessorImpl.newInstance0(Native Method)\r\n\tat java.base/jdk.internal.reflect.NativeConstructorAccessorImpl.newInstance(NativeConstructorAccessorImpl.java:62)\r\n\tat java.base/jdk.internal.reflect.DelegatingConstructorAccessorImpl.newInstance(DelegatingConstructorAccessorImpl.java:45)\r\n\tat java.base/java.lang.reflect.Constructor.newInstance(Constructor.java:490)\r\n\tat org.openqa.selenium.remote.http.W3CHttpResponseCodec.createException(W3CHttpResponseCodec.java:187)\r\n\tat org.openqa.selenium.remote.http.W3CHttpResponseCodec.decode(W3CHttpResponseCodec.java:122)\r\n\tat org.openqa.selenium.remote.http.W3CHttpResponseCodec.decode(W3CHttpResponseCodec.java:49)\r\n\tat org.openqa.selenium.remote.HttpCommandExecutor.execute(HttpCommandExecutor.java:158)\r\n\tat org.openqa.selenium.remote.service.DriverCommandExecutor.execute(DriverCommandExecutor.java:83)\r\n\tat org.openqa.selenium.remote.RemoteWebDriver.execute(RemoteWebDriver.java:552)\r\n\tat org.openqa.selenium.remote.RemoteWebElement.execute(RemoteWebElement.java:285)\r\n\tat org.openqa.selenium.remote.RemoteWebElement.click(RemoteWebElement.java:84)\r\n\tat jdk.internal.reflect.GeneratedMethodAccessor7.invoke(Unknown Source)\r\n\tat java.base/jdk.internal.reflect.DelegatingMethodAccessorImpl.invoke(DelegatingMethodAccessorImpl.java:43)\r\n\tat java.base/java.lang.reflect.Method.invoke(Method.java:566)\r\n\tat org.openqa.selenium.support.events.EventFiringWebDriver$EventFiringWebElement.lambda$new$0(EventFiringWebDriver.java:404)\r\n\tat com.sun.proxy.$Proxy21.click(Unknown Source)\r\n\tat org.openqa.selenium.support.events.EventFiringWebDriver$EventFiringWebElement.click(EventFiringWebDriver.java:417)\r\n\tat jdk.internal.reflect.GeneratedMethodAccessor7.invoke(Unknown Source)\r\n\tat java.base/jdk.internal.reflect.DelegatingMethodAccessorImpl.invoke(DelegatingMethodAccessorImpl.java:43)\r\n\tat java.base/java.lang.reflect.Method.invoke(Method.java:566)\r\n\tat org.openqa.selenium.support.pagefactory.internal.LocatingElementHandler.invoke(LocatingElementHandler.java:51)\r\n\tat com.sun.proxy.$Proxy20.click(Unknown Source)\r\n\tat pages.PageConsinment.clickOnStepReciever(PageConsinment.java:1928)\r\n\tat pages.TestPageConsignmentInbound.consignmentInboundEmailAndSave(TestPageConsignmentInbound.java:107)\r\n\tat java.base/jdk.internal.reflect.NativeMethodAccessorImpl.invoke0(Native Method)\r\n\tat java.base/jdk.internal.reflect.NativeMethodAccessorImpl.invoke(NativeMethodAccessorImpl.java:62)\r\n\tat java.base/jdk.internal.reflect.DelegatingMethodAccessorImpl.invoke(DelegatingMethodAccessorImpl.java:43)\r\n\tat java.base/java.lang.reflect.Method.invoke(Method.java:566)\r\n\tat org.testng.internal.MethodInvocationHelper.invokeMethod(MethodInvocationHelper.java:134)\r\n\tat org.testng.internal.TestInvoker.invokeMethod(TestInvoker.java:597)\r\n\tat org.testng.internal.TestInvoker.invokeTestMethod(TestInvoker.java:173)\r\n\tat org.testng.internal.MethodRunner.runInSequence(MethodRunner.java:46)\r\n\tat org.testng.internal.TestInvoker$MethodInvocationAgent.invoke(TestInvoker.java:816)\r\n\tat org.testng.internal.TestInvoker.invokeTestMethods(TestInvoker.java:146)\r\n\tat org.testng.internal.TestMethodWorker.invokeTestMethods(TestMethodWorker.java:146)\r\n\tat org.testng.internal.TestMethodWorker.run(TestMethodWorker.java:128)\r\n\tat java.base/java.util.ArrayList.forEach(ArrayList.java:1541)\r\n\tat org.testng.TestRunner.privateRun(TestRunner.java:766)\r\n\tat org.testng.TestRunner.run(TestRunner.java:587)\r\n\tat org.testng.SuiteRunner.runTest(SuiteRunner.java:384)\r\n\tat org.testng.SuiteRunner.runSequentially(SuiteRunner.java:378)\r\n\tat org.testng.SuiteRunner.privateRun(SuiteRunner.java:337)\r\n\tat org.testng.SuiteRunner.run(SuiteRunner.java:286)\r\n\tat org.testng.SuiteRunnerWorker.runSuite(SuiteRunnerWorker.java:53)\r\n\tat org.testng.SuiteRunnerWorker.run(SuiteRunnerWorker.java:96)\r\n\tat org.testng.TestNG.runSuitesSequentially(TestNG.java:1187)\r\n\tat org.testng.TestNG.runSuitesSequentially(TestNG.java:1182)\r\n\tat org.testng.TestNG.runSuitesLocally(TestNG.java:1109)\r\n\tat org.testng.TestNG.runSuites(TestNG.java:1039)\r\n\tat org.testng.TestNG.run(TestNG.java:1007)\r\n\tat org.apache.maven.surefire.testng.TestNGExecutor.run(TestNGExecutor.java:283)\r\n\tat org.apache.maven.surefire.testng.TestNGXmlTestSuite.execute(TestNGXmlTestSuite.java:75)\r\n\tat org.apache.maven.surefire.testng.TestNGProvider.invoke(TestNGProvider.java:120)\r\n\tat org.apache.maven.surefire.booter.ForkedBooter.runSuitesInProcess(ForkedBooter.java:377)\r\n\tat org.apache.maven.surefire.booter.ForkedBooter.execute(ForkedBooter.java:138)\r\n\tat org.apache.maven.surefire.booter.ForkedBooter.run(ForkedBooter.java:465)\r\n\tat org.apache.maven.surefire.booter.ForkedBooter.main(ForkedBooter.java:451)\r\n"},"stage":"finished","steps":[{"name":"Enter txt consignment : \"UAT08000200\"","status":"passed","stage":"finished","steps":[],"attachments":[],"parameters":[{"name":"txt","value":"UAT08000200"},{"name":"keys","value":""}],"start":1683545284272,"stop":1683545284861},{"name":"click on Logistic Type and verify If there is any value for that field","status":"passed","stage":"finished","steps":[],"attachments":[],"parameters":[],"start":1683545307168,"stop":1683545307198},{"name":"Click on Logistic Type and select Inbound","status":"passed","stage":"finished","steps":[],"attachments":[],"parameters":[],"start":1683545307198,"stop":1683545309532},{"name":"Click On Second Stepper","status":"passed","stage":"finished","steps":[],"attachments":[],"parameters":[],"start":1683545321556,"stop":1683545321734},{"name":"Click On Sender Name","status":"passed","stage":"finished","steps":[],"attachments":[],"parameters":[{"name":"txt","value":"Not exist"}],"start":1683545323740,"stop":1683545324045},{"name":"Click on Advanced search button","status":"passed","stage":"finished","steps":[],"attachments":[],"parameters":[],"start":1683545324045,"stop":1683545325936},{"name":"Verify the Advanced Search window is displayed","status":"passed","stage":"finished","steps":[],"attachments":[],"parameters":[],"start":1683545325936,"stop":1683545325972},{"name":"Enter  characters in customer sender name","status":"passed","stage":"finished","steps":[],"attachments":[],"parameters":[{"name":"txt","value":"re"},{"name":"keys","value":""}],"start":1683545325976,"stop":1683545326262},{"name":"Enter  characters in customer sender name","status":"passed","stage":"finished","steps":[],"attachments":[],"parameters":[{"name":"txt","value":"Sportmans "},{"name":"keys","value":""}],"start":1683545326262,"stop":1683545326509},{"name":"CLick on search button","status":"passed","stage":"finished","steps":[],"attachments":[],"parameters":[],"start":1683545326509,"stop":1683545326642},{"name":"Select from Menu Sender Name ","status":"passed","stage":"finished","steps":[],"attachments":[],"parameters":[],"start":1683545326643,"stop":1683545329665},{"name":"CLick on reset button","status":"passed","stage":"finished","steps":[],"attachments":[],"parameters":[],"start":1683545329666,"stop":1683545330666},{"name":"CLick on create new Button","status":"passed","stage":"finished","steps":[],"attachments":[],"parameters":[{"name":"txt","value":"Not Exist1"}],"start":1683545333678,"stop":1683545335844},{"name":" Select customer type as Individual Work","status":"passed","stage":"finished","steps":[],"attachments":[],"parameters":[],"start":1683545350851,"stop":1683545356026},{"name":"Click On Step Receiver","status":"broken","statusDetails":{"known":false,"muted":false,"flaky":false,"message":"element click intercepted: Element <div class=\"v-stepper__step v-stepper__step--inactive\" id=\"stepReceiver\">...</div> is not clickable at point (768, 334). Other element would receive the click: <div class=\"layout row wrap\">...</div>\n  (Session info: chrome=112.0.5615.138)\nBuild info: version: '3.141.59', revision: 'e82be7d358', time: '2018-11-14T08:17:03'\nSystem info: host: 'WJLP-3098', ip: '192.168.0.103', os.name: 'Windows 10', os.arch: 'amd64', os.version: '10.0', java.version: '11.0.15.1'\nDriver info: org.openqa.selenium.chrome.ChromeDriver\nCapabilities {acceptInsecureCerts: false, browserName: chrome, browserVersion: 112.0.5615.138, chrome: {chromedriverVersion: 112.0.5615.28 (e01c41304994..., userDataDir: C:\\Users\\Nasreenk\\AppData\\L...}, goog:chromeOptions: {debuggerAddress: localhost:64164}, javascriptEnabled: true, networkConnectionEnabled: false, pageLoadStrategy: none, platform: WINDOWS, platformName: WINDOWS, proxy: Proxy(), setWindowRect: true, strictFileInteractability: false, timeouts: {implicit: 0, pageLoad: 300000, script: 30000}, unhandledPromptBehavior: dismiss and notify, webauthn:extension:credBlob: true, webauthn:extension:largeBlob: true, webauthn:extension:minPinLength: true, webauthn:extension:prf: true, webauthn:virtualAuthenticators: true}\nSession ID: 571c43bd2ed0f1a33cbcb0281a66536d","trace":"org.openqa.selenium.ElementClickInterceptedException: element click intercepted: Element <div class=\"v-stepper__step v-stepper__step--inactive\" id=\"stepReceiver\">...</div> is not clickable at point (768, 334). Other element would receive the click: <div class=\"layout row wrap\">...</div>\n  (Session info: chrome=112.0.5615.138)\nBuild info: version: '3.141.59', revision: 'e82be7d358', time: '2018-11-14T08:17:03'\nSystem info: host: 'WJLP-3098', ip: '192.168.0.103', os.name: 'Windows 10', os.arch: 'amd64', os.version: '10.0', java.version: '11.0.15.1'\nDriver info: org.openqa.selenium.chrome.ChromeDriver\nCapabilities {acceptInsecureCerts: false, browserName: chrome, browserVersion: 112.0.5615.138, chrome: {chromedriverVersion: 112.0.5615.28 (e01c41304994..., userDataDir: C:\\Users\\Nasreenk\\AppData\\L...}, goog:chromeOptions: {debuggerAddress: localhost:64164}, javascriptEnabled: true, networkConnectionEnabled: false, pageLoadStrategy: none, platform: WINDOWS, platformName: WINDOWS, proxy: Proxy(), setWindowRect: true, strictFileInteractability: false, timeouts: {implicit: 0, pageLoad: 300000, script: 30000}, unhandledPromptBehavior: dismiss and notify, webauthn:extension:credBlob: true, webauthn:extension:largeBlob: true, webauthn:extension:minPinLength: true, webauthn:extension:prf: true, webauthn:virtualAuthenticators: true}\nSession ID: 571c43bd2ed0f1a33cbcb0281a66536d\r\n\tat java.base/jdk.internal.reflect.NativeConstructorAccessorImpl.newInstance0(Native Method)\r\n\tat java.base/jdk.internal.reflect.NativeConstructorAccessorImpl.newInstance(NativeConstructorAccessorImpl.java:62)\r\n\tat java.base/jdk.internal.reflect.DelegatingConstructorAccessorImpl.newInstance(DelegatingConstructorAccessorImpl.java:45)\r\n\tat java.base/java.lang.reflect.Constructor.newInstance(Constructor.java:490)\r\n\tat org.openqa.selenium.remote.http.W3CHttpResponseCodec.createException(W3CHttpResponseCodec.java:187)\r\n\tat org.openqa.selenium.remote.http.W3CHttpResponseCodec.decode(W3CHttpResponseCodec.java:122)\r\n\tat org.openqa.selenium.remote.http.W3CHttpResponseCodec.decode(W3CHttpResponseCodec.java:49)\r\n\tat org.openqa.selenium.remote.HttpCommandExecutor.execute(HttpCommandExecutor.java:158)\r\n\tat org.openqa.selenium.remote.service.DriverCommandExecutor.execute(DriverCommandExecutor.java:83)\r\n\tat org.openqa.selenium.remote.RemoteWebDriver.execute(RemoteWebDriver.java:552)\r\n\tat org.openqa.selenium.remote.RemoteWebElement.execute(RemoteWebElement.java:285)\r\n\tat org.openqa.selenium.remote.RemoteWebElement.click(RemoteWebElement.java:84)\r\n\tat jdk.internal.reflect.GeneratedMethodAccessor7.invoke(Unknown Source)\r\n\tat java.base/jdk.internal.reflect.DelegatingMethodAccessorImpl.invoke(DelegatingMethodAccessorImpl.java:43)\r\n\tat java.base/java.lang.reflect.Method.invoke(Method.java:566)\r\n\tat org.openqa.selenium.support.events.EventFiringWebDriver$EventFiringWebElement.lambda$new$0(EventFiringWebDriver.java:404)\r\n\tat com.sun.proxy.$Proxy21.click(Unknown Source)\r\n\tat org.openqa.selenium.support.events.EventFiringWebDriver$EventFiringWebElement.click(EventFiringWebDriver.java:417)\r\n\tat jdk.internal.reflect.GeneratedMethodAccessor7.invoke(Unknown Source)\r\n\tat java.base/jdk.internal.reflect.DelegatingMethodAccessorImpl.invoke(DelegatingMethodAccessorImpl.java:43)\r\n\tat java.base/java.lang.reflect.Method.invoke(Method.java:566)\r\n\tat org.openqa.selenium.support.pagefactory.internal.LocatingElementHandler.invoke(LocatingElementHandler.java:51)\r\n\tat com.sun.proxy.$Proxy20.click(Unknown Source)\r\n\tat pages.PageConsinment.clickOnStepReciever(PageConsinment.java:1928)\r\n\tat pages.TestPageConsignmentInbound.consignmentInboundEmailAndSave(TestPageConsignmentInbound.java:107)\r\n\tat java.base/jdk.internal.reflect.NativeMethodAccessorImpl.invoke0(Native Method)\r\n\tat java.base/jdk.internal.reflect.NativeMethodAccessorImpl.invoke(NativeMethodAccessorImpl.java:62)\r\n\tat java.base/jdk.internal.reflect.DelegatingMethodAccessorImpl.invoke(DelegatingMethodAccessorImpl.java:43)\r\n\tat java.base/java.lang.reflect.Method.invoke(Method.java:566)\r\n\tat org.testng.internal.MethodInvocationHelper.invokeMethod(MethodInvocationHelper.java:134)\r\n\tat org.testng.internal.TestInvoker.invokeMethod(TestInvoker.java:597)\r\n\tat org.testng.internal.TestInvoker.invokeTestMethod(TestInvoker.java:173)\r\n\tat org.testng.internal.MethodRunner.runInSequence(MethodRunner.java:46)\r\n\tat org.testng.internal.TestInvoker$MethodInvocationAgent.invoke(TestInvoker.java:816)\r\n\tat org.testng.internal.TestInvoker.invokeTestMethods(TestInvoker.java:146)\r\n\tat org.testng.internal.TestMethodWorker.invokeTestMethods(TestMethodWorker.java:146)\r\n\tat org.testng.internal.TestMethodWorker.run(TestMethodWorker.java:128)\r\n\tat java.base/java.util.ArrayList.forEach(ArrayList.java:1541)\r\n\tat org.testng.TestRunner.privateRun(TestRunner.java:766)\r\n\tat org.testng.TestRunner.run(TestRunner.java:587)\r\n\tat org.testng.SuiteRunner.runTest(SuiteRunner.java:384)\r\n\tat org.testng.SuiteRunner.runSequentially(SuiteRunner.java:378)\r\n\tat org.testng.SuiteRunner.privateRun(SuiteRunner.java:337)\r\n\tat org.testng.SuiteRunner.run(SuiteRunner.java:286)\r\n\tat org.testng.SuiteRunnerWorker.runSuite(SuiteRunnerWorker.java:53)\r\n\tat org.testng.SuiteRunnerWorker.run(SuiteRunnerWorker.java:96)\r\n\tat org.testng.TestNG.runSuitesSequentially(TestNG.java:1187)\r\n\tat org.testng.TestNG.runSuitesSequentially(TestNG.java:1182)\r\n\tat org.testng.TestNG.runSuitesLocally(TestNG.java:1109)\r\n\tat org.testng.TestNG.runSuites(TestNG.java:1039)\r\n\tat org.testng.TestNG.run(TestNG.java:1007)\r\n\tat org.apache.maven.surefire.testng.TestNGExecutor.run(TestNGExecutor.java:283)\r\n\tat org.apache.maven.surefire.testng.TestNGXmlTestSuite.execute(TestNGXmlTestSuite.java:75)\r\n\tat org.apache.maven.surefire.testng.TestNGProvider.invoke(TestNGProvider.java:120)\r\n\tat org.apache.maven.surefire.booter.ForkedBooter.runSuitesInProcess(ForkedBooter.java:377)\r\n\tat org.apache.maven.surefire.booter.ForkedBooter.execute(ForkedBooter.java:138)\r\n\tat org.apache.maven.surefire.booter.ForkedBooter.run(ForkedBooter.java:465)\r\n\tat org.apache.maven.surefire.booter.ForkedBooter.main(ForkedBooter.java:451)\r\n"},"stage":"finished","steps":[],"attachments":[],"parameters":[],"start":1683545386038,"stop":1683545387233}],"attachments":[],"parameters":[{"name":"arg0","value":"{ConsignmentID=UAT08000200, InvalidShipperReference=bnmgfdfg, ICCIDNumber=1.11189E+18, BilledTo=GAMM02, ValidShipperReference=1Da5g, PrimaryNumber=9848655555, NewReceiverName=RAM, NewSenderName=Not exist, NumberOfParcel=1, SenderName=Sportmans , NewBusinessName=RAM Business, CreateNewSender=AutomationVida, NewBusinessGroupName=RAM Hand to Hand Couriers, ValueForCarrige=123, IMEINumber=9.87546E+14, NewEmailAddress=Nasreen.Khan@winjit.com, Individual Your Name=NTL100, DeliveryAddress=27 Wrench Road, Isando, Kempton Park, South Africa, Individual First Name=Nasreen49, InvalidSenderName=re, Individual Last Name=TestLast53, Description=Automation testing, UpdateEmailAddress=Nasreen.Khan@ram.co.za}"}],"start":1683545269190,"stop":1683545387249,"uuid":"aa769bd3-dbfa-418e-9a15-302df80b3d92","historyId":"1fca2a361e1ed93a6d0dcc83d52de614","fullName":"pages.TestPageConsignmentInbound.consignmentInboundEmailAndSave","labels":[{"name":"package","value":"pages.TestPageConsignmentInbound"},{"name":"testClass","value":"pages.TestPageConsignmentInbound"},{"name":"testMethod","value":"consignmentInboundEmailAndSave"},{"name":"parentSuite","value":"Valid Login Scenario"},{"name":"suite","value":"Test Consignment Inbound"},{"name":"subSuite","value":"pages.TestPageConsignmentInbound"},{"name":"host","value":"WJLP-3098"},{"name":"thread","value":"25028@WJLP-3098.main(1)"},{"name":"framework","value":"testng"},{"name":"language","value":"java"}],"links":[]}